Success (20):
datatype 6892 {urn:com:appian:types:OM}OM_OrganisationDetails "{urn:com:appian:types:OM}OM_OrganisationDetails"
datatype 6474 {urn:com:appian:types:OM}OM_EmployeeDetails "{urn:com:appian:types:OM}OM_EmployeeDetails"
dataStore 108330 _a-0000dff6-d901-8000-06a9-01ef9001ef90_219070 "OM_Data_Store"
content 67677 _a-0000dff6-d901-8000-06a9-01ef9001ef90_218881 "OM_Interface"
content 67678 _a-0000dff6-d901-8000-06a9-01ef9001ef90_218887 "OM_QueryRule"
content 67679 _a-0000dff6-d901-8000-06a9-01ef9001ef90_218893 "OM_Constant"
content 108311 _a-0000dff6-d901-8000-06a9-01ef9001ef90_218909 "OM_Registration"
content 82143 _a-0000dff6-d901-8000-06a9-01ef9001ef90_219830 "OM_ENTITY_ORGANISATION_DETAILS"
content 80502 _a-0000dff6-d901-8000-06a9-01ef9001ef90_221246 "OM_IMAGE"
content 68014 _a-0000dff6-d901-8000-06a9-01ef9001ef90_221307 "OM_Folders"
content 80199 _a-0000dff6-d901-8000-06a9-01ef9001ef90_224638 "OM_Downloadable_Form"
content 107300 _a-0000dff6-d901-8000-06a9-01ef9001ef90_226684 "OM_Dashboard"
content 107291 _a-0000dff6-d901-8000-06a9-01ef9001ef90_384157 "OM_QR_Fetch_Data"
content 107996 _a-0000dff6-d901-8000-06a9-01ef9001ef90_387478 "dfdfd"
content 108007 _a-0000dff6-d901-8000-06a9-01ef9001ef90_392337 "OM_Expression_Rule"
content 108331 _a-0000dff6-d901-8000-06a9-01ef9001ef90_392364 "OM_ER_ROW_GENERATE"
processModelFolder 22 _g-0000dff6-d901-8000-0671-014d98014d98_236 "OM Process Model"
processModel 5421 0002dff8-5a19-8000-0671-014d98014d98 "Organisation Registration Process"
application 67675 _a-0000dff6-d901-8000-06a9-01ef9001ef90_218873 "Organisation Management"
recordType 88 3bd9ef4f-8966-48c6-8142-a85683736afd "Organisation Management"

Referenced precedents that were not exported (8):
user deepakj deepakj
content 68525 _a-0000dff6-d901-8000-06a9-01ef9001ef90_224654
content 68526 _a-0000dff6-d901-8000-06a9-01ef9001ef90_224658
content 68527 _a-0000dff6-d901-8000-06a9-01ef9001ef90_224662
content 67999 _a-0000dff6-d901-8000-06a9-01ef9001ef90_221234
content 68343 _a-0000dff6-d901-8000-06a9-01ef9001ef90_223400
content 68291 _a-0000dff6-d901-8000-06a9-01ef9001ef90_223025
content 68333 _a-0000dff6-d901-8000-06a9-01ef9001ef90_223277

Trace:
2018-01-11 11:02:06.638 DEBUG application 67675 _a-0000dff6-d901-8000-06a9-01ef9001ef90_218873 Begin transport.
2018-01-11 11:02:06.638 DEBUG application 67675 _a-0000dff6-d901-8000-06a9-01ef9001ef90_218873 Retrieving object data.
2018-01-11 11:02:06.642 DEBUG application 67675 _a-0000dff6-d901-8000-06a9-01ef9001ef90_218873 App associated objects: [datatype=[{urn:com:appian:types:OM_ORG_CDT}OM_ORG_CDT, {urn:com:appian:types:OM}OM_OrganisationDetails, {urn:com:appian:types:OM}OM_EmployeeDetails],dataStore=[_a-0000dff6-d901-8000-06a9-01ef9001ef90_219070],content=[_a-0000dff6-d901-8000-06a9-01ef9001ef90_218881, _a-0000dff6-d901-8000-06a9-01ef9001ef90_218887, _a-0000dff6-d901-8000-06a9-01ef9001ef90_218893, _a-0000dff6-d901-8000-06a9-01ef9001ef90_218899, _a-0000dff6-d901-8000-06a9-01ef9001ef90_218909, _a-0000dff6-d901-8000-06a9-01ef9001ef90_219711, _a-0000dff6-d901-8000-06a9-01ef9001ef90_219830, _a-0000dff6-d901-8000-06a9-01ef9001ef90_221246, _a-0000dff6-d901-8000-06a9-01ef9001ef90_221307, _a-0000dff6-d901-8000-06a9-01ef9001ef90_224638, _a-0000dff6-d901-8000-06a9-01ef9001ef90_226684, _a-0000dff6-d901-8000-06a9-01ef9001ef90_384157, _a-0000dff6-d901-8000-06a9-01ef9001ef90_384190, _a-0000dff6-d901-8000-06a9-01ef9001ef90_387455, _a-0000dff6-d901-8000-06a9-01ef9001ef90_387478, _a-0000dff6-d901-8000-06a9-01ef9001ef90_392337, _a-0000dff6-d901-8000-06a9-01ef9001ef90_392364],processModelFolder=[_g-0000dff6-d901-8000-0671-014d98014d98_236],processModel=[0002dff8-5a19-8000-0671-014d98014d98, 0002dff8-6769-8000-0671-014d98014d98],recordType=[3bd9ef4f-8966-48c6-8142-a85683736afd]]
2018-01-11 11:02:06.666 DEBUG application 67675 _a-0000dff6-d901-8000-06a9-01ef9001ef90_218873 Invalid associated objects: [datatype=[{urn:com:appian:types:OM_ORG_CDT}OM_ORG_CDT],content=[_a-0000dff6-d901-8000-06a9-01ef9001ef90_218899, _a-0000dff6-d901-8000-06a9-01ef9001ef90_219711, _a-0000dff6-d901-8000-06a9-01ef9001ef90_384190, _a-0000dff6-d901-8000-06a9-01ef9001ef90_387455],processModel=[0002dff8-6769-8000-0671-014d98014d98]]
2018-01-11 11:02:06.666 DEBUG application 67675 _a-0000dff6-d901-8000-06a9-01ef9001ef90_218873 Adding valid associated objects to be exported: GlobalBindingMap[datatype={{urn:com:appian:types:OM}OM_OrganisationDetails=6892, {urn:com:appian:types:OM}OM_EmployeeDetails=6474},dataStore={_a-0000dff6-d901-8000-06a9-01ef9001ef90_219070=108330},content={_a-0000dff6-d901-8000-06a9-01ef9001ef90_218881=67677, _a-0000dff6-d901-8000-06a9-01ef9001ef90_218887=67678, _a-0000dff6-d901-8000-06a9-01ef9001ef90_218893=67679, _a-0000dff6-d901-8000-06a9-01ef9001ef90_218909=108311, _a-0000dff6-d901-8000-06a9-01ef9001ef90_219830=82143, _a-0000dff6-d901-8000-06a9-01ef9001ef90_221246=80502, _a-0000dff6-d901-8000-06a9-01ef9001ef90_221307=68014, _a-0000dff6-d901-8000-06a9-01ef9001ef90_224638=80199, _a-0000dff6-d901-8000-06a9-01ef9001ef90_226684=107300, _a-0000dff6-d901-8000-06a9-01ef9001ef90_384157=107291, _a-0000dff6-d901-8000-06a9-01ef9001ef90_387478=107996, _a-0000dff6-d901-8000-06a9-01ef9001ef90_392337=108007, _a-0000dff6-d901-8000-06a9-01ef9001ef90_392364=108331},processModelFolder={_g-0000dff6-d901-8000-0671-014d98014d98_236=22},processModel={0002dff8-5a19-8000-0671-014d98014d98=5421},recordType={3bd9ef4f-8966-48c6-8142-a85683736afd=88}]
2018-01-11 11:02:06.666 DEBUG application 67675 _a-0000dff6-d901-8000-06a9-01ef9001ef90_218873 Setting uuids of object references.
2018-01-11 11:02:06.666 DEBUG application 67675 _a-0000dff6-d901-8000-06a9-01ef9001ef90_218873 Processing reference: Application.forum
2018-01-11 11:02:06.666 DEBUG application 67675 _a-0000dff6-d901-8000-06a9-01ef9001ef90_218873 Processing reference: Application.parent
2018-01-11 11:02:06.669 DEBUG application 67675 _a-0000dff6-d901-8000-06a9-01ef9001ef90_218873 Processing reference: com.appiancorp.suiteapi.content.ContentRoleMap@4eff42a6[
  ContentRole[name=readers,inherit=false,allowForAll=false]
  ContentRole[name=authors,inherit=false,allowForAll=false]
  ContentRole[name=administrators,usernames=[deepakj],inherit=false,allowForAll=false]
  ContentRole[name=denyReaders,inherit=false,allowForAll=false]
  ContentRole[name=denyAuthors,inherit=false,allowForAll=false]
  ContentRole[name=denyAdministrators,inherit=false,allowForAll=false]
  securityVector=129:SEC_PUBLIC=true,SEC_CREATOR_ADMIN=true,SEC_INH_ADMIN=false,SEC_INH_EDITOR=false,SEC_INH_VIEWER=false,SEC_ALL_ADMIN=false,SEC_ALL_EDITOR=false,SEC_ALL_VIEWER=false
]
2018-01-11 11:02:06.669 DEBUG application 67675 _a-0000dff6-d901-8000-06a9-01ef9001ef90_218873 Processing reference: ContentRole[name=readers,inherit=false,allowForAll=false]
2018-01-11 11:02:06.669 DEBUG application 67675 _a-0000dff6-d901-8000-06a9-01ef9001ef90_218873 Processing reference: ContentRole[name=authors,inherit=false,allowForAll=false]
2018-01-11 11:02:06.669 DEBUG application 67675 _a-0000dff6-d901-8000-06a9-01ef9001ef90_218873 Processing reference: ContentRole[name=administrators,usernames=[deepakj],inherit=false,allowForAll=false]
2018-01-11 11:02:06.67 DEBUG application 67675 _a-0000dff6-d901-8000-06a9-01ef9001ef90_218873 Processing reference: ContentRole[name=denyReaders,inherit=false,allowForAll=false]
2018-01-11 11:02:06.67 DEBUG application 67675 _a-0000dff6-d901-8000-06a9-01ef9001ef90_218873 Processing reference: ContentRole[name=denyAuthors,inherit=false,allowForAll=false]
2018-01-11 11:02:06.67 DEBUG application 67675 _a-0000dff6-d901-8000-06a9-01ef9001ef90_218873 Processing reference: ContentRole[name=denyAdministrators,inherit=false,allowForAll=false]
2018-01-11 11:02:06.671 DEBUG datatype 6892 {urn:com:appian:types:OM}OM_OrganisationDetails Begin transport.
2018-01-11 11:02:06.671 DEBUG datatype 6892 {urn:com:appian:types:OM}OM_OrganisationDetails Retrieving object data.
2018-01-11 11:02:06.696 DEBUG datatype 6892 {urn:com:appian:types:OM}OM_OrganisationDetails Setting uuids of object references.
2018-01-11 11:02:06.697 DEBUG datatype 6892 {urn:com:appian:types:OM}OM_OrganisationDetails Completing produce.
2018-01-11 11:02:06.697 DEBUG datatype 6892 {urn:com:appian:types:OM}OM_OrganisationDetails Exporting binary resources.
2018-01-11 11:02:06.697 DEBUG datatype 6892 {urn:com:appian:types:OM}OM_OrganisationDetails Serializing object to XML.
2018-01-11 11:02:06.697 DEBUG datatype 6892 {urn:com:appian:types:OM}OM_OrganisationDetails Object transported.
2018-01-11 11:02:06.697 DEBUG datatype 6474 {urn:com:appian:types:OM}OM_EmployeeDetails Begin transport.
2018-01-11 11:02:06.697 DEBUG datatype 6474 {urn:com:appian:types:OM}OM_EmployeeDetails Retrieving object data.
2018-01-11 11:02:06.719 DEBUG datatype 6474 {urn:com:appian:types:OM}OM_EmployeeDetails Setting uuids of object references.
2018-01-11 11:02:06.719 DEBUG datatype 6474 {urn:com:appian:types:OM}OM_EmployeeDetails Completing produce.
2018-01-11 11:02:06.719 DEBUG datatype 6474 {urn:com:appian:types:OM}OM_EmployeeDetails Exporting binary resources.
2018-01-11 11:02:06.719 DEBUG datatype 6474 {urn:com:appian:types:OM}OM_EmployeeDetails Serializing object to XML.
2018-01-11 11:02:06.72 DEBUG datatype 6474 {urn:com:appian:types:OM}OM_EmployeeDetails Object transported.
2018-01-11 11:02:06.722 DEBUG dataStore 108330 _a-0000dff6-d901-8000-06a9-01ef9001ef90_219070 Begin transport.
2018-01-11 11:02:06.722 DEBUG dataStore 108330 _a-0000dff6-d901-8000-06a9-01ef9001ef90_219070 Retrieving object data.
2018-01-11 11:02:06.729 DEBUG dataStore 108330 _a-0000dff6-d901-8000-06a9-01ef9001ef90_219070 Setting uuids of object references.
2018-01-11 11:02:06.729 DEBUG dataStore 108330 _a-0000dff6-d901-8000-06a9-01ef9001ef90_219070 Processing reference: datatypeRef[id=6892]
2018-01-11 11:02:06.729 DEBUG dataStore 108330 _a-0000dff6-d901-8000-06a9-01ef9001ef90_219070 Processing reference: datatypeRef[id=6474]
2018-01-11 11:02:06.729 DEBUG dataStore 108330 _a-0000dff6-d901-8000-06a9-01ef9001ef90_219070 Processing reference: ContentRole[name=administrators,inherit=false,allowForAll=false]
2018-01-11 11:02:06.729 DEBUG dataStore 108330 _a-0000dff6-d901-8000-06a9-01ef9001ef90_219070 Processing reference: ContentRole[name=authors,inherit=false,allowForAll=false]
2018-01-11 11:02:06.729 DEBUG dataStore 108330 _a-0000dff6-d901-8000-06a9-01ef9001ef90_219070 Processing reference: ContentRole[name=denyAdministrators,inherit=false,allowForAll=false]
2018-01-11 11:02:06.729 DEBUG dataStore 108330 _a-0000dff6-d901-8000-06a9-01ef9001ef90_219070 Processing reference: ContentRole[name=denyAuthors,inherit=false,allowForAll=false]
2018-01-11 11:02:06.729 DEBUG dataStore 108330 _a-0000dff6-d901-8000-06a9-01ef9001ef90_219070 Processing reference: ContentRole[name=denyReaders,inherit=false,allowForAll=false]
2018-01-11 11:02:06.729 DEBUG dataStore 108330 _a-0000dff6-d901-8000-06a9-01ef9001ef90_219070 Processing reference: ContentRole[name=readers,inherit=false,allowForAll=false]
2018-01-11 11:02:06.729 DEBUG dataStore 108330 _a-0000dff6-d901-8000-06a9-01ef9001ef90_219070 Completing produce.
2018-01-11 11:02:06.729 DEBUG dataStore 108330 _a-0000dff6-d901-8000-06a9-01ef9001ef90_219070 Exporting binary resources.
2018-01-11 11:02:06.729 DEBUG dataStore 108330 _a-0000dff6-d901-8000-06a9-01ef9001ef90_219070 Serializing object to XML.
2018-01-11 11:02:06.73 DEBUG dataStore 108330 _a-0000dff6-d901-8000-06a9-01ef9001ef90_219070 Object transported.
2018-01-11 11:02:06.733 DEBUG content 67677 _a-0000dff6-d901-8000-06a9-01ef9001ef90_218881 Begin transport.
2018-01-11 11:02:06.733 DEBUG content 67677 _a-0000dff6-d901-8000-06a9-01ef9001ef90_218881 Retrieving object data.
2018-01-11 11:02:06.757 DEBUG content 67677 _a-0000dff6-d901-8000-06a9-01ef9001ef90_218881 Setting uuids of object references.
2018-01-11 11:02:06.757 DEBUG content 67677 _a-0000dff6-d901-8000-06a9-01ef9001ef90_218881 Processing reference: RulesFolder.forum
2018-01-11 11:02:06.758 DEBUG content 67677 _a-0000dff6-d901-8000-06a9-01ef9001ef90_218881 Processing reference: RulesFolder.parent
2018-01-11 11:02:06.76 DEBUG content 67677 _a-0000dff6-d901-8000-06a9-01ef9001ef90_218881 Processing reference: com.appiancorp.suiteapi.content.ContentRoleMap@610c8750[
  ContentRole[name=readers,inherit=false,allowForAll=false]
  ContentRole[name=authors,inherit=false,allowForAll=false]
  ContentRole[name=administrators,inherit=false,allowForAll=false]
  ContentRole[name=denyReaders,inherit=false,allowForAll=false]
  ContentRole[name=denyAuthors,inherit=false,allowForAll=false]
  ContentRole[name=denyAdministrators,inherit=false,allowForAll=false]
  securityVector=1:SEC_PUBLIC=true,SEC_CREATOR_ADMIN=false,SEC_INH_ADMIN=false,SEC_INH_EDITOR=false,SEC_INH_VIEWER=false,SEC_ALL_ADMIN=false,SEC_ALL_EDITOR=false,SEC_ALL_VIEWER=false
]
2018-01-11 11:02:06.76 DEBUG content 67677 _a-0000dff6-d901-8000-06a9-01ef9001ef90_218881 Processing reference: ContentRole[name=readers,inherit=false,allowForAll=false]
2018-01-11 11:02:06.76 DEBUG content 67677 _a-0000dff6-d901-8000-06a9-01ef9001ef90_218881 Processing reference: ContentRole[name=authors,inherit=false,allowForAll=false]
2018-01-11 11:02:06.76 DEBUG content 67677 _a-0000dff6-d901-8000-06a9-01ef9001ef90_218881 Processing reference: ContentRole[name=administrators,inherit=false,allowForAll=false]
2018-01-11 11:02:06.76 DEBUG content 67677 _a-0000dff6-d901-8000-06a9-01ef9001ef90_218881 Processing reference: ContentRole[name=denyReaders,inherit=false,allowForAll=false]
2018-01-11 11:02:06.76 DEBUG content 67677 _a-0000dff6-d901-8000-06a9-01ef9001ef90_218881 Processing reference: ContentRole[name=denyAuthors,inherit=false,allowForAll=false]
2018-01-11 11:02:06.76 DEBUG content 67677 _a-0000dff6-d901-8000-06a9-01ef9001ef90_218881 Processing reference: ContentRole[name=denyAdministrators,inherit=false,allowForAll=false]
2018-01-11 11:02:06.761 DEBUG content 67677 _a-0000dff6-d901-8000-06a9-01ef9001ef90_218881 Completing produce.
2018-01-11 11:02:06.761 DEBUG content 67677 _a-0000dff6-d901-8000-06a9-01ef9001ef90_218881 Exporting binary resources.
2018-01-11 11:02:06.761 DEBUG content 67677 _a-0000dff6-d901-8000-06a9-01ef9001ef90_218881 Serializing object to XML.
2018-01-11 11:02:06.761 DEBUG content 67677 _a-0000dff6-d901-8000-06a9-01ef9001ef90_218881 Object transported.
2018-01-11 11:02:06.761 DEBUG content 67678 _a-0000dff6-d901-8000-06a9-01ef9001ef90_218887 Begin transport.
2018-01-11 11:02:06.761 DEBUG content 67678 _a-0000dff6-d901-8000-06a9-01ef9001ef90_218887 Retrieving object data.
2018-01-11 11:02:06.783 DEBUG content 67678 _a-0000dff6-d901-8000-06a9-01ef9001ef90_218887 Setting uuids of object references.
2018-01-11 11:02:06.783 DEBUG content 67678 _a-0000dff6-d901-8000-06a9-01ef9001ef90_218887 Processing reference: RulesFolder.forum
2018-01-11 11:02:06.783 DEBUG content 67678 _a-0000dff6-d901-8000-06a9-01ef9001ef90_218887 Processing reference: RulesFolder.parent
2018-01-11 11:02:06.786 DEBUG content 67678 _a-0000dff6-d901-8000-06a9-01ef9001ef90_218887 Processing reference: com.appiancorp.suiteapi.content.ContentRoleMap@66a40bf8[
  ContentRole[name=readers,inherit=false,allowForAll=false]
  ContentRole[name=authors,inherit=false,allowForAll=false]
  ContentRole[name=administrators,inherit=false,allowForAll=false]
  ContentRole[name=denyReaders,inherit=false,allowForAll=false]
  ContentRole[name=denyAuthors,inherit=false,allowForAll=false]
  ContentRole[name=denyAdministrators,inherit=false,allowForAll=false]
  securityVector=1:SEC_PUBLIC=true,SEC_CREATOR_ADMIN=false,SEC_INH_ADMIN=false,SEC_INH_EDITOR=false,SEC_INH_VIEWER=false,SEC_ALL_ADMIN=false,SEC_ALL_EDITOR=false,SEC_ALL_VIEWER=false
]
2018-01-11 11:02:06.786 DEBUG content 67678 _a-0000dff6-d901-8000-06a9-01ef9001ef90_218887 Processing reference: ContentRole[name=readers,inherit=false,allowForAll=false]
2018-01-11 11:02:06.786 DEBUG content 67678 _a-0000dff6-d901-8000-06a9-01ef9001ef90_218887 Processing reference: ContentRole[name=authors,inherit=false,allowForAll=false]
2018-01-11 11:02:06.786 DEBUG content 67678 _a-0000dff6-d901-8000-06a9-01ef9001ef90_218887 Processing reference: ContentRole[name=administrators,inherit=false,allowForAll=false]
2018-01-11 11:02:06.786 DEBUG content 67678 _a-0000dff6-d901-8000-06a9-01ef9001ef90_218887 Processing reference: ContentRole[name=denyReaders,inherit=false,allowForAll=false]
2018-01-11 11:02:06.786 DEBUG content 67678 _a-0000dff6-d901-8000-06a9-01ef9001ef90_218887 Processing reference: ContentRole[name=denyAuthors,inherit=false,allowForAll=false]
2018-01-11 11:02:06.786 DEBUG content 67678 _a-0000dff6-d901-8000-06a9-01ef9001ef90_218887 Processing reference: ContentRole[name=denyAdministrators,inherit=false,allowForAll=false]
2018-01-11 11:02:06.786 DEBUG content 67678 _a-0000dff6-d901-8000-06a9-01ef9001ef90_218887 Completing produce.
2018-01-11 11:02:06.786 DEBUG content 67678 _a-0000dff6-d901-8000-06a9-01ef9001ef90_218887 Exporting binary resources.
2018-01-11 11:02:06.786 DEBUG content 67678 _a-0000dff6-d901-8000-06a9-01ef9001ef90_218887 Serializing object to XML.
2018-01-11 11:02:06.787 DEBUG content 67678 _a-0000dff6-d901-8000-06a9-01ef9001ef90_218887 Object transported.
2018-01-11 11:02:06.787 DEBUG content 67679 _a-0000dff6-d901-8000-06a9-01ef9001ef90_218893 Begin transport.
2018-01-11 11:02:06.787 DEBUG content 67679 _a-0000dff6-d901-8000-06a9-01ef9001ef90_218893 Retrieving object data.
2018-01-11 11:02:06.809 DEBUG content 67679 _a-0000dff6-d901-8000-06a9-01ef9001ef90_218893 Setting uuids of object references.
2018-01-11 11:02:06.809 DEBUG content 67679 _a-0000dff6-d901-8000-06a9-01ef9001ef90_218893 Processing reference: RulesFolder.forum
2018-01-11 11:02:06.809 DEBUG content 67679 _a-0000dff6-d901-8000-06a9-01ef9001ef90_218893 Processing reference: RulesFolder.parent
2018-01-11 11:02:06.812 DEBUG content 67679 _a-0000dff6-d901-8000-06a9-01ef9001ef90_218893 Processing reference: com.appiancorp.suiteapi.content.ContentRoleMap@6953b44a[
  ContentRole[name=readers,inherit=false,allowForAll=false]
  ContentRole[name=authors,inherit=false,allowForAll=false]
  ContentRole[name=administrators,inherit=false,allowForAll=false]
  ContentRole[name=denyReaders,inherit=false,allowForAll=false]
  ContentRole[name=denyAuthors,inherit=false,allowForAll=false]
  ContentRole[name=denyAdministrators,inherit=false,allowForAll=false]
  securityVector=1:SEC_PUBLIC=true,SEC_CREATOR_ADMIN=false,SEC_INH_ADMIN=false,SEC_INH_EDITOR=false,SEC_INH_VIEWER=false,SEC_ALL_ADMIN=false,SEC_ALL_EDITOR=false,SEC_ALL_VIEWER=false
]
2018-01-11 11:02:06.812 DEBUG content 67679 _a-0000dff6-d901-8000-06a9-01ef9001ef90_218893 Processing reference: ContentRole[name=readers,inherit=false,allowForAll=false]
2018-01-11 11:02:06.812 DEBUG content 67679 _a-0000dff6-d901-8000-06a9-01ef9001ef90_218893 Processing reference: ContentRole[name=authors,inherit=false,allowForAll=false]
2018-01-11 11:02:06.812 DEBUG content 67679 _a-0000dff6-d901-8000-06a9-01ef9001ef90_218893 Processing reference: ContentRole[name=administrators,inherit=false,allowForAll=false]
2018-01-11 11:02:06.812 DEBUG content 67679 _a-0000dff6-d901-8000-06a9-01ef9001ef90_218893 Processing reference: ContentRole[name=denyReaders,inherit=false,allowForAll=false]
2018-01-11 11:02:06.812 DEBUG content 67679 _a-0000dff6-d901-8000-06a9-01ef9001ef90_218893 Processing reference: ContentRole[name=denyAuthors,inherit=false,allowForAll=false]
2018-01-11 11:02:06.812 DEBUG content 67679 _a-0000dff6-d901-8000-06a9-01ef9001ef90_218893 Processing reference: ContentRole[name=denyAdministrators,inherit=false,allowForAll=false]
2018-01-11 11:02:06.812 DEBUG content 67679 _a-0000dff6-d901-8000-06a9-01ef9001ef90_218893 Completing produce.
2018-01-11 11:02:06.812 DEBUG content 67679 _a-0000dff6-d901-8000-06a9-01ef9001ef90_218893 Exporting binary resources.
2018-01-11 11:02:06.812 DEBUG content 67679 _a-0000dff6-d901-8000-06a9-01ef9001ef90_218893 Serializing object to XML.
2018-01-11 11:02:06.812 DEBUG content 67679 _a-0000dff6-d901-8000-06a9-01ef9001ef90_218893 Object transported.
2018-01-11 11:02:06.812 DEBUG content 108311 _a-0000dff6-d901-8000-06a9-01ef9001ef90_218909 Begin transport.
2018-01-11 11:02:06.812 DEBUG content 108311 _a-0000dff6-d901-8000-06a9-01ef9001ef90_218909 Retrieving object data.
2018-01-11 11:02:06.836 DEBUG content 108311 _a-0000dff6-d901-8000-06a9-01ef9001ef90_218909 Setting uuids of object references.
2018-01-11 11:02:06.836 DEBUG content 108311 _a-0000dff6-d901-8000-06a9-01ef9001ef90_218909 Processing reference: [Content:id=67682,versionId=-1,name=OM_Registration,type=32,subtype=1,uuid=_a-0000dff6-d901-8000-06a9-01ef9001ef90_218909,parent=67677]
2018-01-11 11:02:06.856 DEBUG content 108311 _a-0000dff6-d901-8000-06a9-01ef9001ef90_218909 Processing reference: FreeformRule.forum
2018-01-11 11:02:06.857 DEBUG content 108311 _a-0000dff6-d901-8000-06a9-01ef9001ef90_218909 Processing reference: TypedVariable[name=actionValue,it=3,v=]
2018-01-11 11:02:06.857 DEBUG content 108311 _a-0000dff6-d901-8000-06a9-01ef9001ef90_218909 Processing reference: TypedVariable[name=Details,it=6892,v=<null>]
2018-01-11 11:02:06.857 DEBUG content 108311 _a-0000dff6-d901-8000-06a9-01ef9001ef90_218909 Processing reference: TypedVariable[name=EmpDetails,it=6475,v=<null>]
2018-01-11 11:02:06.857 DEBUG content 108311 _a-0000dff6-d901-8000-06a9-01ef9001ef90_218909 Processing reference: FreeformRule.parent
2018-01-11 11:02:06.86 DEBUG content 108311 _a-0000dff6-d901-8000-06a9-01ef9001ef90_218909 Processing reference: com.appiancorp.suiteapi.content.ContentRoleMap@35582e7c[
  ContentRole[name=readers,inherit=true,allowForAll=false]
  ContentRole[name=authors,inherit=true,allowForAll=false]
  ContentRole[name=administrators,inherit=true,allowForAll=false]
  ContentRole[name=denyReaders,inherit=false,allowForAll=false]
  ContentRole[name=denyAuthors,inherit=false,allowForAll=false]
  ContentRole[name=denyAdministrators,inherit=false,allowForAll=false]
  securityVector=15:SEC_PUBLIC=true,SEC_CREATOR_ADMIN=false,SEC_INH_ADMIN=true,SEC_INH_EDITOR=true,SEC_INH_VIEWER=true,SEC_ALL_ADMIN=false,SEC_ALL_EDITOR=false,SEC_ALL_VIEWER=false
]
2018-01-11 11:02:06.86 DEBUG content 108311 _a-0000dff6-d901-8000-06a9-01ef9001ef90_218909 Processing reference: ContentRole[name=readers,inherit=true,allowForAll=false]
2018-01-11 11:02:06.86 DEBUG content 108311 _a-0000dff6-d901-8000-06a9-01ef9001ef90_218909 Processing reference: ContentRole[name=authors,inherit=true,allowForAll=false]
2018-01-11 11:02:06.86 DEBUG content 108311 _a-0000dff6-d901-8000-06a9-01ef9001ef90_218909 Processing reference: ContentRole[name=administrators,inherit=true,allowForAll=false]
2018-01-11 11:02:06.86 DEBUG content 108311 _a-0000dff6-d901-8000-06a9-01ef9001ef90_218909 Processing reference: ContentRole[name=denyReaders,inherit=false,allowForAll=false]
2018-01-11 11:02:06.86 DEBUG content 108311 _a-0000dff6-d901-8000-06a9-01ef9001ef90_218909 Processing reference: ContentRole[name=denyAuthors,inherit=false,allowForAll=false]
2018-01-11 11:02:06.86 DEBUG content 108311 _a-0000dff6-d901-8000-06a9-01ef9001ef90_218909 Processing reference: ContentRole[name=denyAdministrators,inherit=false,allowForAll=false]
2018-01-11 11:02:06.86 DEBUG content 108311 _a-0000dff6-d901-8000-06a9-01ef9001ef90_218909 Completing produce.
2018-01-11 11:02:06.86 DEBUG content 108311 _a-0000dff6-d901-8000-06a9-01ef9001ef90_218909 Exporting binary resources.
2018-01-11 11:02:06.86 DEBUG content 108311 _a-0000dff6-d901-8000-06a9-01ef9001ef90_218909 Serializing object to XML.
2018-01-11 11:02:06.863 DEBUG content 108311 _a-0000dff6-d901-8000-06a9-01ef9001ef90_218909 Object transported.
2018-01-11 11:02:06.863 DEBUG content 82143 _a-0000dff6-d901-8000-06a9-01ef9001ef90_219830 Begin transport.
2018-01-11 11:02:06.864 DEBUG content 82143 _a-0000dff6-d901-8000-06a9-01ef9001ef90_219830 Retrieving object data.
2018-01-11 11:02:06.886 DEBUG content 82143 _a-0000dff6-d901-8000-06a9-01ef9001ef90_219830 Setting uuids of object references.
2018-01-11 11:02:06.886 DEBUG content 82143 _a-0000dff6-d901-8000-06a9-01ef9001ef90_219830 Processing reference: [Content:id=67794,versionId=-1,name=OM_ENTITY_ORGANISATION_DETAILS,type=32,subtype=0,uuid=_a-0000dff6-d901-8000-06a9-01ef9001ef90_219830,parent=67679]
2018-01-11 11:02:06.888 DEBUG content 82143 _a-0000dff6-d901-8000-06a9-01ef9001ef90_219830 Processing reference: Constant.forum
2018-01-11 11:02:06.889 DEBUG content 82143 _a-0000dff6-d901-8000-06a9-01ef9001ef90_219830 Processing reference: Constant.parent
2018-01-11 11:02:06.891 DEBUG content 82143 _a-0000dff6-d901-8000-06a9-01ef9001ef90_219830 Processing reference: com.appiancorp.suiteapi.content.ContentRoleMap@5e50f869[
  ContentRole[name=readers,inherit=true,allowForAll=false]
  ContentRole[name=authors,inherit=true,allowForAll=false]
  ContentRole[name=administrators,inherit=true,allowForAll=false]
  ContentRole[name=denyReaders,inherit=false,allowForAll=false]
  ContentRole[name=denyAuthors,inherit=false,allowForAll=false]
  ContentRole[name=denyAdministrators,inherit=false,allowForAll=false]
  securityVector=15:SEC_PUBLIC=true,SEC_CREATOR_ADMIN=false,SEC_INH_ADMIN=true,SEC_INH_EDITOR=true,SEC_INH_VIEWER=true,SEC_ALL_ADMIN=false,SEC_ALL_EDITOR=false,SEC_ALL_VIEWER=false
]
2018-01-11 11:02:06.891 DEBUG content 82143 _a-0000dff6-d901-8000-06a9-01ef9001ef90_219830 Processing reference: ContentRole[name=readers,inherit=true,allowForAll=false]
2018-01-11 11:02:06.891 DEBUG content 82143 _a-0000dff6-d901-8000-06a9-01ef9001ef90_219830 Processing reference: ContentRole[name=authors,inherit=true,allowForAll=false]
2018-01-11 11:02:06.891 DEBUG content 82143 _a-0000dff6-d901-8000-06a9-01ef9001ef90_219830 Processing reference: ContentRole[name=administrators,inherit=true,allowForAll=false]
2018-01-11 11:02:06.891 DEBUG content 82143 _a-0000dff6-d901-8000-06a9-01ef9001ef90_219830 Processing reference: ContentRole[name=denyReaders,inherit=false,allowForAll=false]
2018-01-11 11:02:06.891 DEBUG content 82143 _a-0000dff6-d901-8000-06a9-01ef9001ef90_219830 Processing reference: ContentRole[name=denyAuthors,inherit=false,allowForAll=false]
2018-01-11 11:02:06.891 DEBUG content 82143 _a-0000dff6-d901-8000-06a9-01ef9001ef90_219830 Processing reference: ContentRole[name=denyAdministrators,inherit=false,allowForAll=false]
2018-01-11 11:02:06.891 DEBUG content 82143 _a-0000dff6-d901-8000-06a9-01ef9001ef90_219830 Completing produce.
2018-01-11 11:02:06.891 DEBUG content 82143 _a-0000dff6-d901-8000-06a9-01ef9001ef90_219830 Exporting binary resources.
2018-01-11 11:02:06.891 DEBUG content 82143 _a-0000dff6-d901-8000-06a9-01ef9001ef90_219830 Serializing object to XML.
2018-01-11 11:02:06.893 DEBUG content 82143 _a-0000dff6-d901-8000-06a9-01ef9001ef90_219830 Object transported.
2018-01-11 11:02:06.893 DEBUG content 80502 _a-0000dff6-d901-8000-06a9-01ef9001ef90_221246 Begin transport.
2018-01-11 11:02:06.893 DEBUG content 80502 _a-0000dff6-d901-8000-06a9-01ef9001ef90_221246 Retrieving object data.
2018-01-11 11:02:06.913 DEBUG content 80502 _a-0000dff6-d901-8000-06a9-01ef9001ef90_221246 Setting uuids of object references.
2018-01-11 11:02:06.913 DEBUG content 80502 _a-0000dff6-d901-8000-06a9-01ef9001ef90_221246 Processing reference: [Content:id=68002,versionId=-1,name=OM_IMAGE,type=32,subtype=0,uuid=_a-0000dff6-d901-8000-06a9-01ef9001ef90_221246,parent=67679]
2018-01-11 11:02:06.92 DEBUG content 80502 _a-0000dff6-d901-8000-06a9-01ef9001ef90_221246 Processing reference: Constant.forum
2018-01-11 11:02:06.92 DEBUG content 80502 _a-0000dff6-d901-8000-06a9-01ef9001ef90_221246 Processing reference: Constant.parent
2018-01-11 11:02:06.923 DEBUG content 80502 _a-0000dff6-d901-8000-06a9-01ef9001ef90_221246 Processing reference: com.appiancorp.suiteapi.content.ContentRoleMap@238fb2ee[
  ContentRole[name=readers,inherit=true,allowForAll=false]
  ContentRole[name=authors,inherit=true,allowForAll=false]
  ContentRole[name=administrators,inherit=true,allowForAll=false]
  ContentRole[name=denyReaders,inherit=false,allowForAll=false]
  ContentRole[name=denyAuthors,inherit=false,allowForAll=false]
  ContentRole[name=denyAdministrators,inherit=false,allowForAll=false]
  securityVector=15:SEC_PUBLIC=true,SEC_CREATOR_ADMIN=false,SEC_INH_ADMIN=true,SEC_INH_EDITOR=true,SEC_INH_VIEWER=true,SEC_ALL_ADMIN=false,SEC_ALL_EDITOR=false,SEC_ALL_VIEWER=false
]
2018-01-11 11:02:06.923 DEBUG content 80502 _a-0000dff6-d901-8000-06a9-01ef9001ef90_221246 Processing reference: ContentRole[name=readers,inherit=true,allowForAll=false]
2018-01-11 11:02:06.923 DEBUG content 80502 _a-0000dff6-d901-8000-06a9-01ef9001ef90_221246 Processing reference: ContentRole[name=authors,inherit=true,allowForAll=false]
2018-01-11 11:02:06.923 DEBUG content 80502 _a-0000dff6-d901-8000-06a9-01ef9001ef90_221246 Processing reference: ContentRole[name=administrators,inherit=true,allowForAll=false]
2018-01-11 11:02:06.923 DEBUG content 80502 _a-0000dff6-d901-8000-06a9-01ef9001ef90_221246 Processing reference: ContentRole[name=denyReaders,inherit=false,allowForAll=false]
2018-01-11 11:02:06.923 DEBUG content 80502 _a-0000dff6-d901-8000-06a9-01ef9001ef90_221246 Processing reference: ContentRole[name=denyAuthors,inherit=false,allowForAll=false]
2018-01-11 11:02:06.923 DEBUG content 80502 _a-0000dff6-d901-8000-06a9-01ef9001ef90_221246 Processing reference: ContentRole[name=denyAdministrators,inherit=false,allowForAll=false]
2018-01-11 11:02:06.923 DEBUG content 80502 _a-0000dff6-d901-8000-06a9-01ef9001ef90_221246 Completing produce.
2018-01-11 11:02:06.923 DEBUG content 80502 _a-0000dff6-d901-8000-06a9-01ef9001ef90_221246 Exporting binary resources.
2018-01-11 11:02:06.923 DEBUG content 80502 _a-0000dff6-d901-8000-06a9-01ef9001ef90_221246 Serializing object to XML.
2018-01-11 11:02:06.924 DEBUG content 80502 _a-0000dff6-d901-8000-06a9-01ef9001ef90_221246 Object transported.
2018-01-11 11:02:06.924 DEBUG content 68014 _a-0000dff6-d901-8000-06a9-01ef9001ef90_221307 Begin transport.
2018-01-11 11:02:06.924 DEBUG content 68014 _a-0000dff6-d901-8000-06a9-01ef9001ef90_221307 Retrieving object data.
2018-01-11 11:02:06.942 DEBUG content 68014 _a-0000dff6-d901-8000-06a9-01ef9001ef90_221307 Setting uuids of object references.
2018-01-11 11:02:06.942 DEBUG content 68014 _a-0000dff6-d901-8000-06a9-01ef9001ef90_221307 Processing reference: [Content:id=68013,versionId=-1,name=OM_Folders,type=32,subtype=0,uuid=_a-0000dff6-d901-8000-06a9-01ef9001ef90_221307,parent=67679]
2018-01-11 11:02:06.945 DEBUG content 68014 _a-0000dff6-d901-8000-06a9-01ef9001ef90_221307 Processing reference: Constant.forum
2018-01-11 11:02:06.945 DEBUG content 68014 _a-0000dff6-d901-8000-06a9-01ef9001ef90_221307 Processing reference: Constant.parent
2018-01-11 11:02:06.948 DEBUG content 68014 _a-0000dff6-d901-8000-06a9-01ef9001ef90_221307 Processing reference: com.appiancorp.suiteapi.content.ContentRoleMap@174a501b[
  ContentRole[name=readers,inherit=true,allowForAll=false]
  ContentRole[name=authors,inherit=true,allowForAll=false]
  ContentRole[name=administrators,inherit=true,allowForAll=false]
  ContentRole[name=denyReaders,inherit=false,allowForAll=false]
  ContentRole[name=denyAuthors,inherit=false,allowForAll=false]
  ContentRole[name=denyAdministrators,inherit=false,allowForAll=false]
  securityVector=15:SEC_PUBLIC=true,SEC_CREATOR_ADMIN=false,SEC_INH_ADMIN=true,SEC_INH_EDITOR=true,SEC_INH_VIEWER=true,SEC_ALL_ADMIN=false,SEC_ALL_EDITOR=false,SEC_ALL_VIEWER=false
]
2018-01-11 11:02:06.948 DEBUG content 68014 _a-0000dff6-d901-8000-06a9-01ef9001ef90_221307 Processing reference: ContentRole[name=readers,inherit=true,allowForAll=false]
2018-01-11 11:02:06.948 DEBUG content 68014 _a-0000dff6-d901-8000-06a9-01ef9001ef90_221307 Processing reference: ContentRole[name=authors,inherit=true,allowForAll=false]
2018-01-11 11:02:06.948 DEBUG content 68014 _a-0000dff6-d901-8000-06a9-01ef9001ef90_221307 Processing reference: ContentRole[name=administrators,inherit=true,allowForAll=false]
2018-01-11 11:02:06.948 DEBUG content 68014 _a-0000dff6-d901-8000-06a9-01ef9001ef90_221307 Processing reference: ContentRole[name=denyReaders,inherit=false,allowForAll=false]
2018-01-11 11:02:06.948 DEBUG content 68014 _a-0000dff6-d901-8000-06a9-01ef9001ef90_221307 Processing reference: ContentRole[name=denyAuthors,inherit=false,allowForAll=false]
2018-01-11 11:02:06.948 DEBUG content 68014 _a-0000dff6-d901-8000-06a9-01ef9001ef90_221307 Processing reference: ContentRole[name=denyAdministrators,inherit=false,allowForAll=false]
2018-01-11 11:02:06.948 DEBUG content 68014 _a-0000dff6-d901-8000-06a9-01ef9001ef90_221307 Completing produce.
2018-01-11 11:02:06.948 DEBUG content 68014 _a-0000dff6-d901-8000-06a9-01ef9001ef90_221307 Exporting binary resources.
2018-01-11 11:02:06.948 DEBUG content 68014 _a-0000dff6-d901-8000-06a9-01ef9001ef90_221307 Serializing object to XML.
2018-01-11 11:02:06.949 DEBUG content 68014 _a-0000dff6-d901-8000-06a9-01ef9001ef90_221307 Object transported.
2018-01-11 11:02:06.949 DEBUG content 80199 _a-0000dff6-d901-8000-06a9-01ef9001ef90_224638 Begin transport.
2018-01-11 11:02:06.949 DEBUG content 80199 _a-0000dff6-d901-8000-06a9-01ef9001ef90_224638 Retrieving object data.
2018-01-11 11:02:06.974 DEBUG content 80199 _a-0000dff6-d901-8000-06a9-01ef9001ef90_224638 Setting uuids of object references.
2018-01-11 11:02:06.974 DEBUG content 80199 _a-0000dff6-d901-8000-06a9-01ef9001ef90_224638 Processing reference: [Content:id=68522,versionId=-1,name=OM_Downloadable_Form,type=32,subtype=1,uuid=_a-0000dff6-d901-8000-06a9-01ef9001ef90_224638,parent=67677]
2018-01-11 11:02:06.979 DEBUG content 80199 _a-0000dff6-d901-8000-06a9-01ef9001ef90_224638 Processing reference: FreeformRule.forum
2018-01-11 11:02:06.979 DEBUG content 80199 _a-0000dff6-d901-8000-06a9-01ef9001ef90_224638 Processing reference: TypedVariable[name=orgId,it=1,v=<null>]
2018-01-11 11:02:06.979 DEBUG content 80199 _a-0000dff6-d901-8000-06a9-01ef9001ef90_224638 Processing reference: FreeformRule.parent
2018-01-11 11:02:06.982 DEBUG content 80199 _a-0000dff6-d901-8000-06a9-01ef9001ef90_224638 Processing reference: com.appiancorp.suiteapi.content.ContentRoleMap@37f3e2d6[
  ContentRole[name=readers,inherit=true,allowForAll=false]
  ContentRole[name=authors,inherit=true,allowForAll=false]
  ContentRole[name=administrators,inherit=true,allowForAll=false]
  ContentRole[name=denyReaders,inherit=false,allowForAll=false]
  ContentRole[name=denyAuthors,inherit=false,allowForAll=false]
  ContentRole[name=denyAdministrators,inherit=false,allowForAll=false]
  securityVector=15:SEC_PUBLIC=true,SEC_CREATOR_ADMIN=false,SEC_INH_ADMIN=true,SEC_INH_EDITOR=true,SEC_INH_VIEWER=true,SEC_ALL_ADMIN=false,SEC_ALL_EDITOR=false,SEC_ALL_VIEWER=false
]
2018-01-11 11:02:06.982 DEBUG content 80199 _a-0000dff6-d901-8000-06a9-01ef9001ef90_224638 Processing reference: ContentRole[name=readers,inherit=true,allowForAll=false]
2018-01-11 11:02:06.982 DEBUG content 80199 _a-0000dff6-d901-8000-06a9-01ef9001ef90_224638 Processing reference: ContentRole[name=authors,inherit=true,allowForAll=false]
2018-01-11 11:02:06.982 DEBUG content 80199 _a-0000dff6-d901-8000-06a9-01ef9001ef90_224638 Processing reference: ContentRole[name=administrators,inherit=true,allowForAll=false]
2018-01-11 11:02:06.982 DEBUG content 80199 _a-0000dff6-d901-8000-06a9-01ef9001ef90_224638 Processing reference: ContentRole[name=denyReaders,inherit=false,allowForAll=false]
2018-01-11 11:02:06.982 DEBUG content 80199 _a-0000dff6-d901-8000-06a9-01ef9001ef90_224638 Processing reference: ContentRole[name=denyAuthors,inherit=false,allowForAll=false]
2018-01-11 11:02:06.982 DEBUG content 80199 _a-0000dff6-d901-8000-06a9-01ef9001ef90_224638 Processing reference: ContentRole[name=denyAdministrators,inherit=false,allowForAll=false]
2018-01-11 11:02:06.982 DEBUG content 80199 _a-0000dff6-d901-8000-06a9-01ef9001ef90_224638 Completing produce.
2018-01-11 11:02:06.982 DEBUG content 80199 _a-0000dff6-d901-8000-06a9-01ef9001ef90_224638 Exporting binary resources.
2018-01-11 11:02:06.982 DEBUG content 80199 _a-0000dff6-d901-8000-06a9-01ef9001ef90_224638 Serializing object to XML.
2018-01-11 11:02:06.983 DEBUG content 80199 _a-0000dff6-d901-8000-06a9-01ef9001ef90_224638 Object transported.
2018-01-11 11:02:06.983 DEBUG content 107300 _a-0000dff6-d901-8000-06a9-01ef9001ef90_226684 Begin transport.
2018-01-11 11:02:06.983 DEBUG content 107300 _a-0000dff6-d901-8000-06a9-01ef9001ef90_226684 Retrieving object data.
2018-01-11 11:02:07.006 DEBUG content 107300 _a-0000dff6-d901-8000-06a9-01ef9001ef90_226684 Setting uuids of object references.
2018-01-11 11:02:07.006 DEBUG content 107300 _a-0000dff6-d901-8000-06a9-01ef9001ef90_226684 Processing reference: [Content:id=68850,versionId=-1,name=OM_Dashboard,type=32,subtype=1,uuid=_a-0000dff6-d901-8000-06a9-01ef9001ef90_226684,parent=67677]
2018-01-11 11:02:07.042 DEBUG content 107300 _a-0000dff6-d901-8000-06a9-01ef9001ef90_226684 Processing reference: FreeformRule.forum
2018-01-11 11:02:07.043 DEBUG content 107300 _a-0000dff6-d901-8000-06a9-01ef9001ef90_226684 Processing reference: TypedVariable[name=OrgId,it=1,v=<null>]
2018-01-11 11:02:07.043 DEBUG content 107300 _a-0000dff6-d901-8000-06a9-01ef9001ef90_226684 Processing reference: FreeformRule.parent
2018-01-11 11:02:07.046 DEBUG content 107300 _a-0000dff6-d901-8000-06a9-01ef9001ef90_226684 Processing reference: com.appiancorp.suiteapi.content.ContentRoleMap@4fb692fd[
  ContentRole[name=readers,inherit=true,allowForAll=false]
  ContentRole[name=authors,inherit=true,allowForAll=false]
  ContentRole[name=administrators,inherit=true,allowForAll=false]
  ContentRole[name=denyReaders,inherit=false,allowForAll=false]
  ContentRole[name=denyAuthors,inherit=false,allowForAll=false]
  ContentRole[name=denyAdministrators,inherit=false,allowForAll=false]
  securityVector=15:SEC_PUBLIC=true,SEC_CREATOR_ADMIN=false,SEC_INH_ADMIN=true,SEC_INH_EDITOR=true,SEC_INH_VIEWER=true,SEC_ALL_ADMIN=false,SEC_ALL_EDITOR=false,SEC_ALL_VIEWER=false
]
2018-01-11 11:02:07.046 DEBUG content 107300 _a-0000dff6-d901-8000-06a9-01ef9001ef90_226684 Processing reference: ContentRole[name=readers,inherit=true,allowForAll=false]
2018-01-11 11:02:07.046 DEBUG content 107300 _a-0000dff6-d901-8000-06a9-01ef9001ef90_226684 Processing reference: ContentRole[name=authors,inherit=true,allowForAll=false]
2018-01-11 11:02:07.046 DEBUG content 107300 _a-0000dff6-d901-8000-06a9-01ef9001ef90_226684 Processing reference: ContentRole[name=administrators,inherit=true,allowForAll=false]
2018-01-11 11:02:07.046 DEBUG content 107300 _a-0000dff6-d901-8000-06a9-01ef9001ef90_226684 Processing reference: ContentRole[name=denyReaders,inherit=false,allowForAll=false]
2018-01-11 11:02:07.046 DEBUG content 107300 _a-0000dff6-d901-8000-06a9-01ef9001ef90_226684 Processing reference: ContentRole[name=denyAuthors,inherit=false,allowForAll=false]
2018-01-11 11:02:07.046 DEBUG content 107300 _a-0000dff6-d901-8000-06a9-01ef9001ef90_226684 Processing reference: ContentRole[name=denyAdministrators,inherit=false,allowForAll=false]
2018-01-11 11:02:07.046 DEBUG content 107300 _a-0000dff6-d901-8000-06a9-01ef9001ef90_226684 Completing produce.
2018-01-11 11:02:07.046 DEBUG content 107300 _a-0000dff6-d901-8000-06a9-01ef9001ef90_226684 Exporting binary resources.
2018-01-11 11:02:07.046 DEBUG content 107300 _a-0000dff6-d901-8000-06a9-01ef9001ef90_226684 Serializing object to XML.
2018-01-11 11:02:07.049 DEBUG content 107300 _a-0000dff6-d901-8000-06a9-01ef9001ef90_226684 Object transported.
2018-01-11 11:02:07.049 DEBUG content 107291 _a-0000dff6-d901-8000-06a9-01ef9001ef90_384157 Begin transport.
2018-01-11 11:02:07.049 DEBUG content 107291 _a-0000dff6-d901-8000-06a9-01ef9001ef90_384157 Retrieving object data.
2018-01-11 11:02:07.071 DEBUG content 107291 _a-0000dff6-d901-8000-06a9-01ef9001ef90_384157 Setting uuids of object references.
2018-01-11 11:02:07.072 DEBUG content 107291 _a-0000dff6-d901-8000-06a9-01ef9001ef90_384157 Processing reference: [id=8d0c0a2c-1e75-421a-9f9b-b23877c7ca8f@67704]
2018-01-11 11:02:07.075 DEBUG content 107291 _a-0000dff6-d901-8000-06a9-01ef9001ef90_384157 Processing reference: datatypeRef[id=1]
2018-01-11 11:02:07.075 DEBUG content 107291 _a-0000dff6-d901-8000-06a9-01ef9001ef90_384157 Processing reference: Query.folderId
2018-01-11 11:02:07.08 DEBUG content 107291 _a-0000dff6-d901-8000-06a9-01ef9001ef90_384157 Processing reference: datatypeRef[id=1]
2018-01-11 11:02:07.08 DEBUG content 107291 _a-0000dff6-d901-8000-06a9-01ef9001ef90_384157 Processing reference: com.appiancorp.suiteapi.content.ContentRoleMap@112f30df[
  ContentRole[name=readers,inherit=true,allowForAll=false]
  ContentRole[name=authors,inherit=true,allowForAll=false]
  ContentRole[name=administrators,inherit=true,allowForAll=false]
  ContentRole[name=denyReaders,inherit=false,allowForAll=false]
  ContentRole[name=denyAuthors,inherit=false,allowForAll=false]
  ContentRole[name=denyAdministrators,inherit=false,allowForAll=false]
  securityVector=14:SEC_PUBLIC=false,SEC_CREATOR_ADMIN=false,SEC_INH_ADMIN=true,SEC_INH_EDITOR=true,SEC_INH_VIEWER=true,SEC_ALL_ADMIN=false,SEC_ALL_EDITOR=false,SEC_ALL_VIEWER=false
]
2018-01-11 11:02:07.081 DEBUG content 107291 _a-0000dff6-d901-8000-06a9-01ef9001ef90_384157 Processing reference: ContentRole[name=readers,inherit=true,allowForAll=false]
2018-01-11 11:02:07.081 DEBUG content 107291 _a-0000dff6-d901-8000-06a9-01ef9001ef90_384157 Processing reference: ContentRole[name=authors,inherit=true,allowForAll=false]
2018-01-11 11:02:07.081 DEBUG content 107291 _a-0000dff6-d901-8000-06a9-01ef9001ef90_384157 Processing reference: ContentRole[name=administrators,inherit=true,allowForAll=false]
2018-01-11 11:02:07.081 DEBUG content 107291 _a-0000dff6-d901-8000-06a9-01ef9001ef90_384157 Processing reference: ContentRole[name=denyReaders,inherit=false,allowForAll=false]
2018-01-11 11:02:07.081 DEBUG content 107291 _a-0000dff6-d901-8000-06a9-01ef9001ef90_384157 Processing reference: ContentRole[name=denyAuthors,inherit=false,allowForAll=false]
2018-01-11 11:02:07.081 DEBUG content 107291 _a-0000dff6-d901-8000-06a9-01ef9001ef90_384157 Processing reference: ContentRole[name=denyAdministrators,inherit=false,allowForAll=false]
2018-01-11 11:02:07.081 DEBUG content 107291 _a-0000dff6-d901-8000-06a9-01ef9001ef90_384157 Completing produce.
2018-01-11 11:02:07.081 DEBUG content 107291 _a-0000dff6-d901-8000-06a9-01ef9001ef90_384157 Exporting binary resources.
2018-01-11 11:02:07.081 DEBUG content 107291 _a-0000dff6-d901-8000-06a9-01ef9001ef90_384157 Serializing object to XML.
2018-01-11 11:02:07.081 DEBUG content 107291 _a-0000dff6-d901-8000-06a9-01ef9001ef90_384157 Object transported.
2018-01-11 11:02:07.081 DEBUG content 107996 _a-0000dff6-d901-8000-06a9-01ef9001ef90_387478 Begin transport.
2018-01-11 11:02:07.081 DEBUG content 107996 _a-0000dff6-d901-8000-06a9-01ef9001ef90_387478 Retrieving object data.
2018-01-11 11:02:07.106 DEBUG content 107996 _a-0000dff6-d901-8000-06a9-01ef9001ef90_387478 Setting uuids of object references.
2018-01-11 11:02:07.106 DEBUG content 107996 _a-0000dff6-d901-8000-06a9-01ef9001ef90_387478 Processing reference: [Content:id=107534,versionId=-1,name=dfdfd,type=32,subtype=1,uuid=_a-0000dff6-d901-8000-06a9-01ef9001ef90_387478,parent=67677]
2018-01-11 11:02:07.109 DEBUG content 107996 _a-0000dff6-d901-8000-06a9-01ef9001ef90_387478 Processing reference: FreeformRule.forum
2018-01-11 11:02:07.11 DEBUG content 107996 _a-0000dff6-d901-8000-06a9-01ef9001ef90_387478 Processing reference: FreeformRule.parent
2018-01-11 11:02:07.113 DEBUG content 107996 _a-0000dff6-d901-8000-06a9-01ef9001ef90_387478 Processing reference: com.appiancorp.suiteapi.content.ContentRoleMap@30d1e32a[
  ContentRole[name=readers,inherit=true,allowForAll=false]
  ContentRole[name=authors,inherit=true,allowForAll=false]
  ContentRole[name=administrators,inherit=true,allowForAll=false]
  ContentRole[name=denyReaders,inherit=false,allowForAll=false]
  ContentRole[name=denyAuthors,inherit=false,allowForAll=false]
  ContentRole[name=denyAdministrators,inherit=false,allowForAll=false]
  securityVector=15:SEC_PUBLIC=true,SEC_CREATOR_ADMIN=false,SEC_INH_ADMIN=true,SEC_INH_EDITOR=true,SEC_INH_VIEWER=true,SEC_ALL_ADMIN=false,SEC_ALL_EDITOR=false,SEC_ALL_VIEWER=false
]
2018-01-11 11:02:07.113 DEBUG content 107996 _a-0000dff6-d901-8000-06a9-01ef9001ef90_387478 Processing reference: ContentRole[name=readers,inherit=true,allowForAll=false]
2018-01-11 11:02:07.113 DEBUG content 107996 _a-0000dff6-d901-8000-06a9-01ef9001ef90_387478 Processing reference: ContentRole[name=authors,inherit=true,allowForAll=false]
2018-01-11 11:02:07.113 DEBUG content 107996 _a-0000dff6-d901-8000-06a9-01ef9001ef90_387478 Processing reference: ContentRole[name=administrators,inherit=true,allowForAll=false]
2018-01-11 11:02:07.113 DEBUG content 107996 _a-0000dff6-d901-8000-06a9-01ef9001ef90_387478 Processing reference: ContentRole[name=denyReaders,inherit=false,allowForAll=false]
2018-01-11 11:02:07.113 DEBUG content 107996 _a-0000dff6-d901-8000-06a9-01ef9001ef90_387478 Processing reference: ContentRole[name=denyAuthors,inherit=false,allowForAll=false]
2018-01-11 11:02:07.113 DEBUG content 107996 _a-0000dff6-d901-8000-06a9-01ef9001ef90_387478 Processing reference: ContentRole[name=denyAdministrators,inherit=false,allowForAll=false]
2018-01-11 11:02:07.113 DEBUG content 107996 _a-0000dff6-d901-8000-06a9-01ef9001ef90_387478 Completing produce.
2018-01-11 11:02:07.113 DEBUG content 107996 _a-0000dff6-d901-8000-06a9-01ef9001ef90_387478 Exporting binary resources.
2018-01-11 11:02:07.113 DEBUG content 107996 _a-0000dff6-d901-8000-06a9-01ef9001ef90_387478 Serializing object to XML.
2018-01-11 11:02:07.114 DEBUG content 107996 _a-0000dff6-d901-8000-06a9-01ef9001ef90_387478 Object transported.
2018-01-11 11:02:07.114 DEBUG content 108007 _a-0000dff6-d901-8000-06a9-01ef9001ef90_392337 Begin transport.
2018-01-11 11:02:07.114 DEBUG content 108007 _a-0000dff6-d901-8000-06a9-01ef9001ef90_392337 Retrieving object data.
2018-01-11 11:02:07.136 DEBUG content 108007 _a-0000dff6-d901-8000-06a9-01ef9001ef90_392337 Setting uuids of object references.
2018-01-11 11:02:07.136 DEBUG content 108007 _a-0000dff6-d901-8000-06a9-01ef9001ef90_392337 Processing reference: RulesFolder.forum
2018-01-11 11:02:07.137 DEBUG content 108007 _a-0000dff6-d901-8000-06a9-01ef9001ef90_392337 Processing reference: RulesFolder.parent
2018-01-11 11:02:07.14 DEBUG content 108007 _a-0000dff6-d901-8000-06a9-01ef9001ef90_392337 Processing reference: com.appiancorp.suiteapi.content.ContentRoleMap@58df9ccb[
  ContentRole[name=readers,inherit=false,allowForAll=false]
  ContentRole[name=authors,inherit=false,allowForAll=false]
  ContentRole[name=administrators,inherit=false,allowForAll=false]
  ContentRole[name=denyReaders,inherit=false,allowForAll=false]
  ContentRole[name=denyAuthors,inherit=false,allowForAll=false]
  ContentRole[name=denyAdministrators,inherit=false,allowForAll=false]
  securityVector=1:SEC_PUBLIC=true,SEC_CREATOR_ADMIN=false,SEC_INH_ADMIN=false,SEC_INH_EDITOR=false,SEC_INH_VIEWER=false,SEC_ALL_ADMIN=false,SEC_ALL_EDITOR=false,SEC_ALL_VIEWER=false
]
2018-01-11 11:02:07.14 DEBUG content 108007 _a-0000dff6-d901-8000-06a9-01ef9001ef90_392337 Processing reference: ContentRole[name=readers,inherit=false,allowForAll=false]
2018-01-11 11:02:07.14 DEBUG content 108007 _a-0000dff6-d901-8000-06a9-01ef9001ef90_392337 Processing reference: ContentRole[name=authors,inherit=false,allowForAll=false]
2018-01-11 11:02:07.14 DEBUG content 108007 _a-0000dff6-d901-8000-06a9-01ef9001ef90_392337 Processing reference: ContentRole[name=administrators,inherit=false,allowForAll=false]
2018-01-11 11:02:07.14 DEBUG content 108007 _a-0000dff6-d901-8000-06a9-01ef9001ef90_392337 Processing reference: ContentRole[name=denyReaders,inherit=false,allowForAll=false]
2018-01-11 11:02:07.14 DEBUG content 108007 _a-0000dff6-d901-8000-06a9-01ef9001ef90_392337 Processing reference: ContentRole[name=denyAuthors,inherit=false,allowForAll=false]
2018-01-11 11:02:07.14 DEBUG content 108007 _a-0000dff6-d901-8000-06a9-01ef9001ef90_392337 Processing reference: ContentRole[name=denyAdministrators,inherit=false,allowForAll=false]
2018-01-11 11:02:07.14 DEBUG content 108007 _a-0000dff6-d901-8000-06a9-01ef9001ef90_392337 Completing produce.
2018-01-11 11:02:07.14 DEBUG content 108007 _a-0000dff6-d901-8000-06a9-01ef9001ef90_392337 Exporting binary resources.
2018-01-11 11:02:07.14 DEBUG content 108007 _a-0000dff6-d901-8000-06a9-01ef9001ef90_392337 Serializing object to XML.
2018-01-11 11:02:07.14 DEBUG content 108007 _a-0000dff6-d901-8000-06a9-01ef9001ef90_392337 Object transported.
2018-01-11 11:02:07.14 DEBUG content 108331 _a-0000dff6-d901-8000-06a9-01ef9001ef90_392364 Begin transport.
2018-01-11 11:02:07.14 DEBUG content 108331 _a-0000dff6-d901-8000-06a9-01ef9001ef90_392364 Retrieving object data.
2018-01-11 11:02:07.163 DEBUG content 108331 _a-0000dff6-d901-8000-06a9-01ef9001ef90_392364 Setting uuids of object references.
2018-01-11 11:02:07.163 DEBUG content 108331 _a-0000dff6-d901-8000-06a9-01ef9001ef90_392364 Processing reference: [Content:id=108012,versionId=-1,name=OM_ER_ROW_GENERATE,type=32,subtype=1,uuid=_a-0000dff6-d901-8000-06a9-01ef9001ef90_392364,parent=108007]
2018-01-11 11:02:07.164 DEBUG content 108331 _a-0000dff6-d901-8000-06a9-01ef9001ef90_392364 Processing reference: FreeformRule.forum
2018-01-11 11:02:07.165 DEBUG content 108331 _a-0000dff6-d901-8000-06a9-01ef9001ef90_392364 Processing reference: TypedVariable[name=employee,it=6475,v=<null>]
2018-01-11 11:02:07.165 DEBUG content 108331 _a-0000dff6-d901-8000-06a9-01ef9001ef90_392364 Processing reference: TypedVariable[name=indexVal,it=1,v=<null>]
2018-01-11 11:02:07.165 DEBUG content 108331 _a-0000dff6-d901-8000-06a9-01ef9001ef90_392364 Processing reference: FreeformRule.parent
2018-01-11 11:02:07.167 DEBUG content 108331 _a-0000dff6-d901-8000-06a9-01ef9001ef90_392364 Processing reference: com.appiancorp.suiteapi.content.ContentRoleMap@1c957601[
  ContentRole[name=readers,inherit=true,allowForAll=false]
  ContentRole[name=authors,inherit=true,allowForAll=false]
  ContentRole[name=administrators,inherit=true,allowForAll=false]
  ContentRole[name=denyReaders,inherit=false,allowForAll=false]
  ContentRole[name=denyAuthors,inherit=false,allowForAll=false]
  ContentRole[name=denyAdministrators,inherit=false,allowForAll=false]
  securityVector=15:SEC_PUBLIC=true,SEC_CREATOR_ADMIN=false,SEC_INH_ADMIN=true,SEC_INH_EDITOR=true,SEC_INH_VIEWER=true,SEC_ALL_ADMIN=false,SEC_ALL_EDITOR=false,SEC_ALL_VIEWER=false
]
2018-01-11 11:02:07.167 DEBUG content 108331 _a-0000dff6-d901-8000-06a9-01ef9001ef90_392364 Processing reference: ContentRole[name=readers,inherit=true,allowForAll=false]
2018-01-11 11:02:07.167 DEBUG content 108331 _a-0000dff6-d901-8000-06a9-01ef9001ef90_392364 Processing reference: ContentRole[name=authors,inherit=true,allowForAll=false]
2018-01-11 11:02:07.168 DEBUG content 108331 _a-0000dff6-d901-8000-06a9-01ef9001ef90_392364 Processing reference: ContentRole[name=administrators,inherit=true,allowForAll=false]
2018-01-11 11:02:07.168 DEBUG content 108331 _a-0000dff6-d901-8000-06a9-01ef9001ef90_392364 Processing reference: ContentRole[name=denyReaders,inherit=false,allowForAll=false]
2018-01-11 11:02:07.168 DEBUG content 108331 _a-0000dff6-d901-8000-06a9-01ef9001ef90_392364 Processing reference: ContentRole[name=denyAuthors,inherit=false,allowForAll=false]
2018-01-11 11:02:07.168 DEBUG content 108331 _a-0000dff6-d901-8000-06a9-01ef9001ef90_392364 Processing reference: ContentRole[name=denyAdministrators,inherit=false,allowForAll=false]
2018-01-11 11:02:07.168 DEBUG content 108331 _a-0000dff6-d901-8000-06a9-01ef9001ef90_392364 Completing produce.
2018-01-11 11:02:07.168 DEBUG content 108331 _a-0000dff6-d901-8000-06a9-01ef9001ef90_392364 Exporting binary resources.
2018-01-11 11:02:07.168 DEBUG content 108331 _a-0000dff6-d901-8000-06a9-01ef9001ef90_392364 Serializing object to XML.
2018-01-11 11:02:07.17 DEBUG content 108331 _a-0000dff6-d901-8000-06a9-01ef9001ef90_392364 Object transported.
2018-01-11 11:02:07.171 DEBUG processModelFolder 22 _g-0000dff6-d901-8000-0671-014d98014d98_236 Begin transport.
2018-01-11 11:02:07.171 DEBUG processModelFolder 22 _g-0000dff6-d901-8000-0671-014d98014d98_236 Retrieving object data.
2018-01-11 11:02:07.174 DEBUG processModelFolder 22 _g-0000dff6-d901-8000-0671-014d98014d98_236 Setting uuids of object references.
2018-01-11 11:02:07.174 DEBUG processModelFolder 22 _g-0000dff6-d901-8000-0671-014d98014d98_236 Processing reference: ProcessModelFolder.parentFolderId
2018-01-11 11:02:07.175 DEBUG processModelFolder 22 _g-0000dff6-d901-8000-0671-014d98014d98_236 Processing reference: com.appiancorp.suiteapi.process.ProcessRoleMap@254ba6d4[
  Role[name=ADMIN_OWNER]
  Role[name=EDITOR]
  Role[name=EXPLICIT_NONMEMBER]
  Role[name=VIEWER]
  Role[name=MANAGER]
  Role[name=INITIATOR]
]
2018-01-11 11:02:07.175 DEBUG processModelFolder 22 _g-0000dff6-d901-8000-0671-014d98014d98_236 Processing reference: Role[name=ADMIN_OWNER]
2018-01-11 11:02:07.175 DEBUG processModelFolder 22 _g-0000dff6-d901-8000-0671-014d98014d98_236 Processing reference: Role[name=EDITOR]
2018-01-11 11:02:07.175 DEBUG processModelFolder 22 _g-0000dff6-d901-8000-0671-014d98014d98_236 Processing reference: Role[name=EXPLICIT_NONMEMBER]
2018-01-11 11:02:07.175 DEBUG processModelFolder 22 _g-0000dff6-d901-8000-0671-014d98014d98_236 Processing reference: Role[name=VIEWER]
2018-01-11 11:02:07.175 DEBUG processModelFolder 22 _g-0000dff6-d901-8000-0671-014d98014d98_236 Processing reference: Role[name=MANAGER]
2018-01-11 11:02:07.175 DEBUG processModelFolder 22 _g-0000dff6-d901-8000-0671-014d98014d98_236 Processing reference: Role[name=INITIATOR]
2018-01-11 11:02:07.175 DEBUG processModelFolder 22 _g-0000dff6-d901-8000-0671-014d98014d98_236 Completing produce.
2018-01-11 11:02:07.175 DEBUG processModelFolder 22 _g-0000dff6-d901-8000-0671-014d98014d98_236 Exporting binary resources.
2018-01-11 11:02:07.175 DEBUG processModelFolder 22 _g-0000dff6-d901-8000-0671-014d98014d98_236 Serializing object to XML.
2018-01-11 11:02:07.175 DEBUG processModelFolder 22 _g-0000dff6-d901-8000-0671-014d98014d98_236 Object transported.
2018-01-11 11:02:07.176 DEBUG processModel 5421 0002dff8-5a19-8000-0671-014d98014d98 Begin transport.
2018-01-11 11:02:07.176 DEBUG processModel 5421 0002dff8-5a19-8000-0671-014d98014d98 Retrieving object data.
2018-01-11 11:02:07.374 DEBUG processModel 5421 0002dff8-5a19-8000-0671-014d98014d98 Setting uuids of object references.
2018-01-11 11:02:07.374 DEBUG processModel 5421 0002dff8-5a19-8000-0671-014d98014d98 Processing reference: ProcessModelHaul.folderId
2018-01-11 11:02:07.375 DEBUG processModel 5421 0002dff8-5a19-8000-0671-014d98014d98 Processing reference: ProcessModelHaul.modelDashboardPageId
2018-01-11 11:02:07.375 DEBUG processModel 5421 0002dff8-5a19-8000-0671-014d98014d98 Processing reference: ProcessModelHaul.processDashboardPageId
2018-01-11 11:02:07.375 DEBUG processModel 5421 0002dff8-5a19-8000-0671-014d98014d98 Processing reference: ProcessModel.emailAttachmentFolderId
2018-01-11 11:02:07.376 DEBUG processModel 5421 0002dff8-5a19-8000-0671-014d98014d98 Processing reference: InternalForm.docId
2018-01-11 11:02:07.376 DEBUG processModel 5421 0002dff8-5a19-8000-0671-014d98014d98 Processing reference: InternalForm.docId
2018-01-11 11:02:07.376 DEBUG processModel 5421 0002dff8-5a19-8000-0671-014d98014d98 Processing reference: InternalForm.docId
2018-01-11 11:02:07.377 DEBUG processModel 5421 0002dff8-5a19-8000-0671-014d98014d98 Processing reference: 4097 deepakj
2018-01-11 11:02:07.378 DEBUG processModel 5421 0002dff8-5a19-8000-0671-014d98014d98 Processing reference: ActivityClassParameter[name=pmID,it=23,v=<null>]
2018-01-11 11:02:07.378 DEBUG processModel 5421 0002dff8-5a19-8000-0671-014d98014d98 Processing reference: ActivityClassParameter[name=inMap,it=111,v={}]
2018-01-11 11:02:07.378 DEBUG processModel 5421 0002dff8-5a19-8000-0671-014d98014d98 Processing reference: ActivityClassParameter[name=procInheritsPriority,it=1,v=1]
2018-01-11 11:02:07.378 DEBUG processModel 5421 0002dff8-5a19-8000-0671-014d98014d98 Processing reference: ActivityClassParameter[name=pmUUID,it=3,v=]
2018-01-11 11:02:07.378 DEBUG processModel 5421 0002dff8-5a19-8000-0671-014d98014d98 Processing reference: ActivityClassParameter[name=isAsynchronous,it=26,v=1]
2018-01-11 11:02:07.378 DEBUG processModel 5421 0002dff8-5a19-8000-0671-014d98014d98 Processing reference: ActivityClassParameter[name=isTransparent,it=26,v=1]
2018-01-11 11:02:07.378 DEBUG processModel 5421 0002dff8-5a19-8000-0671-014d98014d98 Processing reference: ActivityClassParameter[name=inheritSecurity,it=26,v=0]
2018-01-11 11:02:07.379 DEBUG processModel 5421 0002dff8-5a19-8000-0671-014d98014d98 Processing reference: ActivityClassParameter[name=defaultNode,it=1,v=4]
2018-01-11 11:02:07.379 DEBUG processModel 5421 0002dff8-5a19-8000-0671-014d98014d98 Processing reference: ActivityClassParameter[name=rules,it=111,v={ActivityClassParameter[name=rule,it=11,v={ActivityClassParameter[name=expression,it=26,v=<null>],ActivityClassParameter[name=node,it=1,v=4],ActivityClassParameter[name=label,it=3,v=]}],ActivityClassParameter[name=rule,it=11,v={ActivityClassParameter[name=expression,it=26,v=<null>],ActivityClassParameter[name=node,it=1,v=1],ActivityClassParameter[name=label,it=3,v=]}]}]
2018-01-11 11:02:07.379 DEBUG processModel 5421 0002dff8-5a19-8000-0671-014d98014d98 Processing reference: ActivityClassParameter[name=fired,it=1,v=0]
2018-01-11 11:02:07.379 DEBUG processModel 5421 0002dff8-5a19-8000-0671-014d98014d98 Processing reference: ActivityClassParameter[name=arrivedNodes,it=101,v=<null>]
2018-01-11 11:02:07.379 DEBUG processModel 5421 0002dff8-5a19-8000-0671-014d98014d98 Processing reference: ActivityClassParameter[name=actionValue,it=3,v=]
2018-01-11 11:02:07.379 DEBUG processModel 5421 0002dff8-5a19-8000-0671-014d98014d98 Processing reference: ActivityClassParameter[name=Details,it=6892,v=<null>]
2018-01-11 11:02:07.379 DEBUG processModel 5421 0002dff8-5a19-8000-0671-014d98014d98 Processing reference: InternalForm.docId
2018-01-11 11:02:07.379 DEBUG processModel 5421 0002dff8-5a19-8000-0671-014d98014d98 Processing reference: InternalForm.docId
2018-01-11 11:02:07.38 DEBUG processModel 5421 0002dff8-5a19-8000-0671-014d98014d98 Processing reference: InternalForm.docId
2018-01-11 11:02:07.38 DEBUG processModel 5421 0002dff8-5a19-8000-0671-014d98014d98 Processing reference: com.appiancorp.suiteapi.process.Assignment$Assignee@4a4b73f8
2018-01-11 11:02:07.38 DEBUG processModel 5421 0002dff8-5a19-8000-0671-014d98014d98 Processing reference: ActivityClassParameter[name=StoredValues,it=535,v=<null>]
2018-01-11 11:02:07.38 DEBUG processModel 5421 0002dff8-5a19-8000-0671-014d98014d98 Processing reference: ActivityClassParameter[name=ValueToStore,it=535,v=<null>]
2018-01-11 11:02:07.38 DEBUG processModel 5421 0002dff8-5a19-8000-0671-014d98014d98 Processing reference: InternalForm.docId
2018-01-11 11:02:07.381 DEBUG processModel 5421 0002dff8-5a19-8000-0671-014d98014d98 Processing reference: InternalForm.docId
2018-01-11 11:02:07.381 DEBUG processModel 5421 0002dff8-5a19-8000-0671-014d98014d98 Processing reference: InternalForm.docId
2018-01-11 11:02:07.381 DEBUG processModel 5421 0002dff8-5a19-8000-0671-014d98014d98 Processing reference: ActivityClassParameter[name=SourceDocuments,it=113,v=<null>]
2018-01-11 11:02:07.381 DEBUG processModel 5421 0002dff8-5a19-8000-0671-014d98014d98 Processing reference: ActivityClassParameter[name=CreateNewDocument,it=26,v=1]
2018-01-11 11:02:07.381 DEBUG processModel 5421 0002dff8-5a19-8000-0671-014d98014d98 Processing reference: ActivityClassParameter[name=NewDocumentName,it=3,v=]
2018-01-11 11:02:07.381 DEBUG processModel 5421 0002dff8-5a19-8000-0671-014d98014d98 Processing reference: ActivityClassParameter[name=NewDocumentDesc,it=3,v=]
2018-01-11 11:02:07.381 DEBUG processModel 5421 0002dff8-5a19-8000-0671-014d98014d98 Processing reference: ActivityClassParameter[name=SaveInFolder,it=12,v=68343]
2018-01-11 11:02:07.385 DEBUG processModel 5421 0002dff8-5a19-8000-0671-014d98014d98 Processing reference: ActivityClassParameter[name=ExistingDocument,it=13,v=<null>]
2018-01-11 11:02:07.385 DEBUG processModel 5421 0002dff8-5a19-8000-0671-014d98014d98 Processing reference: ActivityClassParameter[name=PauseOnError,it=26,v=1]
2018-01-11 11:02:07.385 DEBUG processModel 5421 0002dff8-5a19-8000-0671-014d98014d98 Processing reference: ActivityClassParameter[name=ErrorOccurred,it=26,v=<null>]
2018-01-11 11:02:07.385 DEBUG processModel 5421 0002dff8-5a19-8000-0671-014d98014d98 Processing reference: ActivityClassParameter[name=ErrorText,it=3,v=]
2018-01-11 11:02:07.385 DEBUG processModel 5421 0002dff8-5a19-8000-0671-014d98014d98 Processing reference: ActivityClassParameter[name=NewDocumentCreated,it=13,v=<null>]
2018-01-11 11:02:07.385 DEBUG processModel 5421 0002dff8-5a19-8000-0671-014d98014d98 Processing reference: ActivityClassParameter[name=orgId,it=1,v=<null>]
2018-01-11 11:02:07.385 DEBUG processModel 5421 0002dff8-5a19-8000-0671-014d98014d98 Processing reference: InternalForm.docId
2018-01-11 11:02:07.386 DEBUG processModel 5421 0002dff8-5a19-8000-0671-014d98014d98 Processing reference: InternalForm.docId
2018-01-11 11:02:07.386 DEBUG processModel 5421 0002dff8-5a19-8000-0671-014d98014d98 Processing reference: InternalForm.docId
2018-01-11 11:02:07.386 DEBUG processModel 5421 0002dff8-5a19-8000-0671-014d98014d98 Processing reference: com.appiancorp.suiteapi.process.Assignment$Assignee@68df9923
2018-01-11 11:02:07.386 DEBUG processModel 5421 0002dff8-5a19-8000-0671-014d98014d98 Processing reference: ActivityClassParameter[name=ae-key-OrgId,it=3,v=]
2018-01-11 11:02:07.386 DEBUG processModel 5421 0002dff8-5a19-8000-0671-014d98014d98 Processing reference: ActivityClassParameter[name=ae-key-OrgState,it=3,v=]
2018-01-11 11:02:07.386 DEBUG processModel 5421 0002dff8-5a19-8000-0671-014d98014d98 Processing reference: ActivityClassParameter[name=ae-key-OrgDepartment,it=3,v=]
2018-01-11 11:02:07.386 DEBUG processModel 5421 0002dff8-5a19-8000-0671-014d98014d98 Processing reference: ActivityClassParameter[name=ae-key-OrgZip,it=3,v=]
2018-01-11 11:02:07.386 DEBUG processModel 5421 0002dff8-5a19-8000-0671-014d98014d98 Processing reference: ActivityClassParameter[name=ae-key-OrgName,it=3,v=]
2018-01-11 11:02:07.386 DEBUG processModel 5421 0002dff8-5a19-8000-0671-014d98014d98 Processing reference: ActivityClassParameter[name=ae-key-OrgInstruction,it=3,v=]
2018-01-11 11:02:07.386 DEBUG processModel 5421 0002dff8-5a19-8000-0671-014d98014d98 Processing reference: ActivityClassParameter[name=ae-key-OrgAddress,it=3,v=]
2018-01-11 11:02:07.387 DEBUG processModel 5421 0002dff8-5a19-8000-0671-014d98014d98 Processing reference: ActivityClassParameter[name=ae-key-OrgCity,it=3,v=]
2018-01-11 11:02:07.387 DEBUG processModel 5421 0002dff8-5a19-8000-0671-014d98014d98 Processing reference: ActivityClassParameter[name=BodyTemplate,it=13,v=68291]
2018-01-11 11:02:07.389 DEBUG processModel 5421 0002dff8-5a19-8000-0671-014d98014d98 Processing reference: ActivityClassParameter[name=CreateNewDoc,it=26,v=1]
2018-01-11 11:02:07.389 DEBUG processModel 5421 0002dff8-5a19-8000-0671-014d98014d98 Processing reference: ActivityClassParameter[name=NewDocName,it=3,v=Organisation_Details&now()]
2018-01-11 11:02:07.389 DEBUG processModel 5421 0002dff8-5a19-8000-0671-014d98014d98 Processing reference: ActivityClassParameter[name=NewDocDesc,it=3,v=]
2018-01-11 11:02:07.389 DEBUG processModel 5421 0002dff8-5a19-8000-0671-014d98014d98 Processing reference: ActivityClassParameter[name=SaveInFolder,it=12,v=68333]
2018-01-11 11:02:07.392 DEBUG processModel 5421 0002dff8-5a19-8000-0671-014d98014d98 Processing reference: ActivityClassParameter[name=DocToReplace,it=13,v=<null>]
2018-01-11 11:02:07.392 DEBUG processModel 5421 0002dff8-5a19-8000-0671-014d98014d98 Processing reference: ActivityClassParameter[name=RuntimeBodyTemplate,it=13,v=<null>]
2018-01-11 11:02:07.392 DEBUG processModel 5421 0002dff8-5a19-8000-0671-014d98014d98 Processing reference: ActivityClassParameter[name=NewDocument,it=13,v=<null>]
2018-01-11 11:02:07.392 DEBUG processModel 5421 0002dff8-5a19-8000-0671-014d98014d98 Processing reference: ProcessVariable[name=Details,it=6893,v=<null>]
2018-01-11 11:02:07.392 DEBUG processModel 5421 0002dff8-5a19-8000-0671-014d98014d98 Processing reference: ProcessVariable[name=DocDetails,it=13,v=<null>]
2018-01-11 11:02:07.393 DEBUG processModel 5421 0002dff8-5a19-8000-0671-014d98014d98 Processing reference: ProcessVariable[name=actionValue,it=3,v=]
2018-01-11 11:02:07.393 DEBUG processModel 5421 0002dff8-5a19-8000-0671-014d98014d98 Processing reference: ProcessVariable[name=pdfDetail,it=13,v=<null>]
2018-01-11 11:02:07.393 DEBUG processModel 5421 0002dff8-5a19-8000-0671-014d98014d98 Processing reference: com.appiancorp.suiteapi.process.ProcessRoleMap@76eb46c3[
  Role[name=ADMIN_OWNER]
  Role[name=EDITOR]
  Role[name=EXPLICIT_NONMEMBER]
  Role[name=VIEWER]
  Role[name=MANAGER]
  Role[name=INITIATOR]
]
2018-01-11 11:02:07.393 DEBUG processModel 5421 0002dff8-5a19-8000-0671-014d98014d98 Processing reference: Role[name=ADMIN_OWNER]
2018-01-11 11:02:07.393 DEBUG processModel 5421 0002dff8-5a19-8000-0671-014d98014d98 Processing reference: Role[name=EDITOR]
2018-01-11 11:02:07.393 DEBUG processModel 5421 0002dff8-5a19-8000-0671-014d98014d98 Processing reference: Role[name=EXPLICIT_NONMEMBER]
2018-01-11 11:02:07.393 DEBUG processModel 5421 0002dff8-5a19-8000-0671-014d98014d98 Processing reference: Role[name=VIEWER]
2018-01-11 11:02:07.393 DEBUG processModel 5421 0002dff8-5a19-8000-0671-014d98014d98 Processing reference: Role[name=MANAGER]
2018-01-11 11:02:07.393 DEBUG processModel 5421 0002dff8-5a19-8000-0671-014d98014d98 Processing reference: Role[name=INITIATOR]
2018-01-11 11:02:07.399 DEBUG processModel 5421 0002dff8-5a19-8000-0671-014d98014d98 Completing produce.
2018-01-11 11:02:07.399 DEBUG processModel 5421 0002dff8-5a19-8000-0671-014d98014d98 Exporting binary resources.
2018-01-11 11:02:07.399 DEBUG processModel 5421 0002dff8-5a19-8000-0671-014d98014d98 Serializing object to XML.
2018-01-11 11:02:07.41 DEBUG processModel 5421 0002dff8-5a19-8000-0671-014d98014d98 Object transported.
2018-01-11 11:02:07.416 DEBUG recordType 88 3bd9ef4f-8966-48c6-8142-a85683736afd Begin transport.
2018-01-11 11:02:07.416 DEBUG recordType 88 3bd9ef4f-8966-48c6-8142-a85683736afd Retrieving object data.
2018-01-11 11:02:07.507 DEBUG recordType 88 3bd9ef4f-8966-48c6-8142-a85683736afd Setting uuids of object references.
2018-01-11 11:02:07.507 DEBUG recordType 88 3bd9ef4f-8966-48c6-8142-a85683736afd Processing reference: RecordType.dataSrcExpr
2018-01-11 11:02:07.507 DEBUG recordType 88 3bd9ef4f-8966-48c6-8142-a85683736afd Processing reference: RecordType.defaultFilters
2018-01-11 11:02:07.507 DEBUG recordType 88 3bd9ef4f-8966-48c6-8142-a85683736afd Processing reference: RecordType.defaultFiltersExpr
2018-01-11 11:02:07.507 DEBUG recordType 88 3bd9ef4f-8966-48c6-8142-a85683736afd Processing reference: DetailViewCfg.headerExpr
2018-01-11 11:02:07.507 DEBUG recordType 88 3bd9ef4f-8966-48c6-8142-a85683736afd Processing reference: DetailViewCfg.nameExpr
2018-01-11 11:02:07.508 DEBUG recordType 88 3bd9ef4f-8966-48c6-8142-a85683736afd Processing reference: DetailViewCfg.uiExpr
2018-01-11 11:02:07.511 DEBUG recordType 88 3bd9ef4f-8966-48c6-8142-a85683736afd Processing reference: DetailViewCfg.visibilityExpr
2018-01-11 11:02:07.511 DEBUG recordType 88 3bd9ef4f-8966-48c6-8142-a85683736afd Processing reference: RecordType.facetsListExpr
2018-01-11 11:02:07.511 DEBUG recordType 88 3bd9ef4f-8966-48c6-8142-a85683736afd Processing reference: RecordType.listViewTemplateExpr
2018-01-11 11:02:07.512 DEBUG recordType 88 3bd9ef4f-8966-48c6-8142-a85683736afd Processing reference: RecordType.source
2018-01-11 11:02:07.515 DEBUG recordType 88 3bd9ef4f-8966-48c6-8142-a85683736afd Processing reference: RecordType.titleExpr
2018-01-11 11:02:07.516 DEBUG recordType 88 3bd9ef4f-8966-48c6-8142-a85683736afd Completing produce.
2018-01-11 11:02:07.516 DEBUG recordType 88 3bd9ef4f-8966-48c6-8142-a85683736afd Exporting binary resources.
2018-01-11 11:02:07.516 DEBUG recordType 88 3bd9ef4f-8966-48c6-8142-a85683736afd Serializing object to XML.
2018-01-11 11:02:07.516 DEBUG recordType 88 3bd9ef4f-8966-48c6-8142-a85683736afd Object transported.
2018-01-11 11:02:07.516 DEBUG application 67675 _a-0000dff6-d901-8000-06a9-01ef9001ef90_218873 Completing produce.
2018-01-11 11:02:07.516 DEBUG application 67675 _a-0000dff6-d901-8000-06a9-01ef9001ef90_218873 Exporting binary resources.
2018-01-11 11:02:07.516 DEBUG application 67675 _a-0000dff6-d901-8000-06a9-01ef9001ef90_218873 Serializing object to XML.
2018-01-11 11:02:07.517 DEBUG application 67675 _a-0000dff6-d901-8000-06a9-01ef9001ef90_218873 Object transported.
